0 info it worked if it ends with ok
1 verbose cli [ 'C:\\Program Files\\nodejs\\node.exe',
1 verbose cli   'C:\\Users\\Administrator\\AppData\\Roaming\\npm\\node_modules\\npm\\bin\\npm-cli.js',
1 verbose cli   'publish' ]
2 info using npm@3.10.6
3 info using node@v4.4.3
4 verbose publish [ '.' ]
5 silly cache add args [ '.', null ]
6 verbose cache add spec .
7 silly cache add parsed spec Result {
7 silly cache add   raw: '.',
7 silly cache add   scope: null,
7 silly cache add   escapedName: null,
7 silly cache add   name: null,
7 silly cache add   rawSpec: '.',
7 silly cache add   spec: 'C:\\checkbox',
7 silly cache add   type: 'directory' }
8 verbose addLocalDirectory C:\Users\Administrator\AppData\Roaming\npm-cache\react-native-checkbox\1.0.0\package.tgz not in flight; packing
9 verbose correctMkdir C:\Users\Administrator\AppData\Roaming\npm-cache correctMkdir not in flight; initializing
10 info lifecycle react-native-checkbox@1.0.0~prepublish: react-native-checkbox@1.0.0
11 silly lifecycle react-native-checkbox@1.0.0~prepublish: no script for prepublish, continuing
12 verbose tar pack [ 'C:\\Users\\Administrator\\AppData\\Roaming\\npm-cache\\react-native-checkbox\\1.0.0\\package.tgz',
12 verbose tar pack   'C:\\checkbox' ]
13 verbose tarball C:\Users\Administrator\AppData\Roaming\npm-cache\react-native-checkbox\1.0.0\package.tgz
14 verbose folder C:\checkbox
15 verbose addLocalTarball adding from inside cache C:\Users\Administrator\AppData\Roaming\npm-cache\react-native-checkbox\1.0.0\package.tgz
16 verbose correctMkdir C:\Users\Administrator\AppData\Roaming\npm-cache correctMkdir not in flight; initializing
17 silly cache afterAdd react-native-checkbox@1.0.0
18 verbose afterAdd C:\Users\Administrator\AppData\Roaming\npm-cache\react-native-checkbox\1.0.0\package\package.json not in flight; writing
19 verbose correctMkdir C:\Users\Administrator\AppData\Roaming\npm-cache correctMkdir not in flight; initializing
20 verbose afterAdd C:\Users\Administrator\AppData\Roaming\npm-cache\react-native-checkbox\1.0.0\package\package.json written
21 silly publish { name: 'react-native-checkbox',
21 silly publish   version: '1.0.0',
21 silly publish   description: 'a react native checkbox component for android and ios',
21 silly publish   main: 'index.js',
21 silly publish   scripts: { test: 'echo "Error: no test specified" && exit 1' },
21 silly publish   repository:
21 silly publish    { type: 'git',
21 silly publish      url: 'git+https://github.com/antiantian/rn-checkbox.git' },
21 silly publish   keywords: [ 'react', 'react-native', 'checkbox' ],
21 silly publish   author: { name: 'anyutz' },
21 silly publish   license: 'MIT',
21 silly publish   bugs: { url: 'https://github.com/antiantian/rn-checkbox/issues' },
21 silly publish   homepage: 'https://github.com/antiantian/rn-checkbox#readme',
21 silly publish   readme: 'ERROR: No README data found!',
21 silly publish   _id: 'react-native-checkbox@1.0.0',
21 silly publish   _shasum: '8ae3accb4ce75da0273a5ddc590b06d461fa0f8e',
21 silly publish   _from: '.' }
22 verbose getPublishConfig undefined
23 silly mapToRegistry name react-native-checkbox
24 silly mapToRegistry using default registry
25 silly mapToRegistry registry http://registry.npmjs.org/
26 silly mapToRegistry data Result {
26 silly mapToRegistry   raw: 'react-native-checkbox',
26 silly mapToRegistry   scope: null,
26 silly mapToRegistry   escapedName: 'react-native-checkbox',
26 silly mapToRegistry   name: 'react-native-checkbox',
26 silly mapToRegistry   rawSpec: '',
26 silly mapToRegistry   spec: 'latest',
26 silly mapToRegistry   type: 'tag' }
27 silly mapToRegistry uri http://registry.npmjs.org/react-native-checkbox
28 verbose publish registryBase http://registry.npmjs.org/
29 silly publish uploading C:\Users\Administrator\AppData\Roaming\npm-cache\react-native-checkbox\1.0.0\package.tgz
30 verbose request uri http://registry.npmjs.org/react-native-checkbox
31 verbose request sending authorization for write operation
32 info attempt registry request try #1 at 16:16:13
33 verbose request using bearer token for auth
34 verbose request id 73a5444d43a319b8
35 http request PUT http://registry.npmjs.org/react-native-checkbox
36 http 403 http://registry.npmjs.org/react-native-checkbox
37 verbose headers { 'content-type': 'application/json',
37 verbose headers   'cache-control': 'max-age=300',
37 verbose headers   'content-length': '115',
37 verbose headers   'accept-ranges': 'bytes',
37 verbose headers   date: 'Fri, 07 Apr 2017 08:16:16 GMT',
37 verbose headers   via: '1.1 varnish',
37 verbose headers   connection: 'keep-alive',
37 verbose headers   'x-served-by': 'cache-nrt6133-NRT',
37 verbose headers   'x-cache': 'MISS',
37 verbose headers   'x-cache-hits': '0',
37 verbose headers   'x-timer': 'S1491552976.261485,VS0,VE724',
37 verbose headers   vary: 'Accept-Encoding' }
38 verbose request invalidating C:\Users\Administrator\AppData\Roaming\npm-cache\registry.npmjs.org\react-native-checkbox on PUT
39 error publish Failed PUT 403
40 verbose stack Error: you do not have permission to publish "react-native-checkbox". Are you logged in as the correct user? : react-native-checkbox
40 verbose stack     at makeError (C:\Users\Administrator\AppData\Roaming\npm\node_modules\npm\node_modules\npm-registry-client\lib\request.js:264:12)
40 verbose stack     at CachingRegistryClient.<anonymous> (C:\Users\Administrator\AppData\Roaming\npm\node_modules\npm\node_modules\npm-registry-client\lib\request.js:252:14)
40 verbose stack     at Request._callback (C:\Users\Administrator\AppData\Roaming\npm\node_modules\npm\node_modules\npm-registry-client\lib\request.js:172:14)
40 verbose stack     at Request.self.callback (C:\Users\Administrator\AppData\Roaming\npm\node_modules\npm\node_modules\request\request.js:200:22)
40 verbose stack     at emitTwo (events.js:87:13)
40 verbose stack     at Request.emit (events.js:172:7)
40 verbose stack     at Request.<anonymous> (C:\Users\Administrator\AppData\Roaming\npm\node_modules\npm\node_modules\request\request.js:1067:10)
40 verbose stack     at emitOne (events.js:82:20)
40 verbose stack     at Request.emit (events.js:169:7)
40 verbose stack     at IncomingMessage.<anonymous> (C:\Users\Administrator\AppData\Roaming\npm\node_modules\npm\node_modules\request\request.js:988:12)
41 verbose statusCode 403
42 verbose pkgid react-native-checkbox
43 verbose cwd C:\checkbox
44 error Windows_NT 6.1.7601
45 error argv "C:\\Program Files\\nodejs\\node.exe" "C:\\Users\\Administrator\\AppData\\Roaming\\npm\\node_modules\\npm\\bin\\npm-cli.js" "publish"
46 error node v4.4.3
47 error npm  v3.10.6
48 error code E403
49 error you do not have permission to publish "react-native-checkbox". Are you logged in as the correct user? : react-native-checkbox
50 error If you need help, you may report this error at:
50 error     <https://github.com/npm/npm/issues>
51 verbose exit [ 1, true ]
